Dataset: D100K-T25-I1K
Repetitions: 2
Minimum Support: 0.002




Repetition: 1 / 2
GMiner frequent itemset mining implementation
by Kang-Wook Chon, 2016
http://infolab.dgist.ac.kr/~kwjeon/
input - ./datasets/ibm/D100K-T25-I1K.dat, output - ./results/gminer/D100K-T25-I1K.dat, minsup - 0.002, verticalListLength - 4096
numOfGPUs - 1, numOfStreams - 1, isMat - 0, sizeofFragments - 3, isWirteOutput - 1
Reading file into main memory. [1.18847 sec]
Finding frequent 1-itemsets. [0.0187461 sec]
Transforming vertical format with bit vectors from horizontal format. [0.0129769 sec]
Building the buffers of TB and SA with respect to the TFL strategy. [2.46992 sec]
Allocating the buffers with respect to candidate itemsets. [1.89345 sec]
Allocating the buffers on GPU device memory. [0.00157094 sec]
Generating candidate itemsets. [0.00181389 sec]
Performing support counting. [0.022341 sec]
Printing frequent itemsets.
candidate_list_length - 407253, candidate_list_width - 2, numOfTransactions - 100000
Performing Level 2. [0.117542 sec]
- the # of frequent itemsets - 39803
Generating candidate itemsets. [0.013061 sec]
Performing support counting. [0.0954392 sec]
Printing frequent itemsets.
candidate_list_length - 1801106, candidate_list_width - 3, numOfTransactions - 100000
Performing Level 3. [0.144996 sec]
- the # of frequent itemsets - 4834
Generating candidate itemsets. [0.00496602 sec]
Performing support counting. [0.00284791 sec]
Printing frequent itemsets.
candidate_list_length - 3850, candidate_list_width - 4, numOfTransactions - 100000
Performing Level 4. [0.0176129 sec]
- the # of frequent itemsets - 3235
Generating candidate itemsets. [7.79629e-05 sec]
Performing support counting. [0.00276423 sec]
Printing frequent itemsets.
candidate_list_length - 2708, candidate_list_width - 5, numOfTransactions - 100000
Performing Level 5. [0.0106821 sec]
- the # of frequent itemsets - 2644
Generating candidate itemsets. [3.91006e-05 sec]
Performing support counting. [0.00269389 sec]
Printing frequent itemsets.
candidate_list_length - 1972, candidate_list_width - 6, numOfTransactions - 100000
Performing Level 6. [0.00891995 sec]
- the # of frequent itemsets - 1931
Generating candidate itemsets. [3.00407e-05 sec]
Performing support counting. [0.0026679 sec]
Printing frequent itemsets.
candidate_list_length - 1207, candidate_list_width - 7, numOfTransactions - 100000
Performing Level 7. [0.00676084 sec]
- the # of frequent itemsets - 1038
Generating candidate itemsets. [2.5034e-05 sec]
Performing support counting. [0.00260305 sec]
Printing frequent itemsets.
candidate_list_length - 469, candidate_list_width - 8, numOfTransactions - 100000
Performing Level 8. [0.00481105 sec]
- the # of frequent itemsets - 285
Generating candidate itemsets. [1.09673e-05 sec]
Performing support counting. [0.00258207 sec]
Printing frequent itemsets.
candidate_list_length - 62, candidate_list_width - 9, numOfTransactions - 100000
Performing Level 9. [0.00425601 sec]
- the # of frequent itemsets - 34
Generating candidate itemsets. [2.86102e-06 sec]
Performing support counting. [0.00258994 sec]
Printing frequent itemsets.
candidate_list_length - 3, candidate_list_width - 10, numOfTransactions - 100000
Performing Level 10. [0.00406814 sec]
- the # of frequent itemsets - 3
Generating candidate itemsets. [0 sec]
Performing support counting. [9.53674e-07 sec]
Printing frequent itemsets.
candidate_list_length - 0, candidate_list_width - 11, numOfTransactions - 100000
Performing Level 11. [0.00164604 sec]
- the # of frequent itemsets - 0
Presenting the information of runtime
- dataset: ./datasets/ibm/D100K-T25-I1K.dat, minsup: 0.002
- vertical list length: 4096
- the # of streams: 1
- the maximum GPU blocks: 20000000
- the maximum GPU threads per block: 64
- the # of GPUs: 1
Presenting the elapsed time for each steps
Building vertical database. [1.21133 sec]
Building mining framework. [4.39276 sec]
Generating pre-computation. [0 sec]
Performing mining operations. [0.321499 sec]
- Generating candidate itemsets. [0.0414264 sec]
- Performing support counting. [0.280073 sec]


Repetition: 2 / 2
GMiner frequent itemset mining implementation
by Kang-Wook Chon, 2016
http://infolab.dgist.ac.kr/~kwjeon/
input - ./datasets/ibm/D100K-T25-I1K.dat, output - ./results/gminer/D100K-T25-I1K.dat, minsup - 0.002, verticalListLength - 4096
numOfGPUs - 1, numOfStreams - 1, isMat - 0, sizeofFragments - 3, isWirteOutput - 1
Reading file into main memory. [0.294612 sec]
Finding frequent 1-itemsets. [0.014858 sec]
Transforming vertical format with bit vectors from horizontal format. [0.0110118 sec]
Building the buffers of TB and SA with respect to the TFL strategy. [2.47307 sec]
Allocating the buffers with respect to candidate itemsets. [1.93411 sec]
Allocating the buffers on GPU device memory. [0.00164104 sec]
Generating candidate itemsets. [0.00201893 sec]
Performing support counting. [0.0215409 sec]
Printing frequent itemsets.
candidate_list_length - 407253, candidate_list_width - 2, numOfTransactions - 100000
Performing Level 2. [0.114734 sec]
- the # of frequent itemsets - 39803
Generating candidate itemsets. [0.0128808 sec]
Performing support counting. [0.091496 sec]
Printing frequent itemsets.
candidate_list_length - 1801106, candidate_list_width - 3, numOfTransactions - 100000
Performing Level 3. [0.140259 sec]
- the # of frequent itemsets - 4834
Generating candidate itemsets. [0.00494194 sec]
Performing support counting. [0.00294805 sec]
Printing frequent itemsets.
candidate_list_length - 3850, candidate_list_width - 4, numOfTransactions - 100000
Performing Level 4. [0.0176959 sec]
- the # of frequent itemsets - 3235
Generating candidate itemsets. [8.10623e-05 sec]
Performing support counting. [0.00274897 sec]
Printing frequent itemsets.
candidate_list_length - 2708, candidate_list_width - 5, numOfTransactions - 100000
Performing Level 5. [0.0105462 sec]
- the # of frequent itemsets - 2644
Generating candidate itemsets. [4.00543e-05 sec]
Performing support counting. [0.00266409 sec]
Printing frequent itemsets.
candidate_list_length - 1972, candidate_list_width - 6, numOfTransactions - 100000
Performing Level 6. [0.00899601 sec]
- the # of frequent itemsets - 1931
Generating candidate itemsets. [3.09944e-05 sec]
Performing support counting. [0.00264215 sec]
Printing frequent itemsets.
candidate_list_length - 1207, candidate_list_width - 7, numOfTransactions - 100000
Performing Level 7. [0.00658894 sec]
- the # of frequent itemsets - 1038
Generating candidate itemsets. [2.09808e-05 sec]
Performing support counting. [0.00258398 sec]
Printing frequent itemsets.
candidate_list_length - 469, candidate_list_width - 8, numOfTransactions - 100000
Performing Level 8. [0.00477695 sec]
- the # of frequent itemsets - 285
Generating candidate itemsets. [1.09673e-05 sec]
Performing support counting. [0.00257611 sec]
Printing frequent itemsets.
candidate_list_length - 62, candidate_list_width - 9, numOfTransactions - 100000
Performing Level 9. [0.00406003 sec]
- the # of frequent itemsets - 34
Generating candidate itemsets. [3.09944e-06 sec]
Performing support counting. [0.00255489 sec]
Printing frequent itemsets.
candidate_list_length - 3, candidate_list_width - 10, numOfTransactions - 100000
Performing Level 10. [0.00393701 sec]
- the # of frequent itemsets - 3
Generating candidate itemsets. [0 sec]
Performing support counting. [9.53674e-07 sec]
Printing frequent itemsets.
candidate_list_length - 0, candidate_list_width - 11, numOfTransactions - 100000
Performing Level 11. [0.0012691 sec]
- the # of frequent itemsets - 0
Presenting the information of runtime
- dataset: ./datasets/ibm/D100K-T25-I1K.dat, minsup: 0.002
- vertical list length: 4096
- the # of streams: 1
- the maximum GPU blocks: 20000000
- the maximum GPU threads per block: 64
- the # of GPUs: 1
Presenting the elapsed time for each steps
Building vertical database. [0.312382 sec]
Building mining framework. [4.43484 sec]
Generating pre-computation. [0 sec]
Performing mining operations. [0.31308 sec]
- Generating candidate itemsets. [0.0407691 sec]
- Performing support counting. [0.272311 sec]


Generated Pattern File:

