Dataset: D500K-T25-I1K
Repetitions: 2
Minimum Support: 0.002




Repetition: 1 / 2
GMiner frequent itemset mining implementation
by Kang-Wook Chon, 2016
http://infolab.dgist.ac.kr/~kwjeon/
input - ./datasets/ibm/D500K-T25-I1K.dat, output - ./results/gminer/D500K-T25-I1K.dat, minsup - 0.002, verticalListLength - 4096
numOfGPUs - 1, numOfStreams - 1, isMat - 0, sizeofFragments - 3, isWirteOutput - 1
Reading file into main memory. [9.00737 sec]
Finding frequent 1-itemsets. [0.12471 sec]
Transforming vertical format with bit vectors from horizontal format. [0.0391071 sec]
Building the buffers of TB and SA with respect to the TFL strategy. [3.11196 sec]
Allocating the buffers with respect to candidate itemsets. [1.9278 sec]
Allocating the buffers on GPU device memory. [0.00166106 sec]
Generating candidate itemsets. [0.00192904 sec]
Performing support counting. [0.0577171 sec]
Printing frequent itemsets.
candidate_list_length - 407253, candidate_list_width - 2, numOfTransactions - 499999
Performing Level 2. [0.187283 sec]
- the # of frequent itemsets - 39632
Generating candidate itemsets. [0.0186501 sec]
Performing support counting. [0.249527 sec]
Printing frequent itemsets.
candidate_list_length - 1793134, candidate_list_width - 3, numOfTransactions - 499999
Performing Level 3. [0.306369 sec]
- the # of frequent itemsets - 4772
Generating candidate itemsets. [0.00493002 sec]
Performing support counting. [0.00685787 sec]
Printing frequent itemsets.
candidate_list_length - 3838, candidate_list_width - 4, numOfTransactions - 499999
Performing Level 4. [0.02162 sec]
- the # of frequent itemsets - 3134
Generating candidate itemsets. [7.98702e-05 sec]
Performing support counting. [0.0067811 sec]
Printing frequent itemsets.
candidate_list_length - 2645, candidate_list_width - 5, numOfTransactions - 499999
Performing Level 5. [0.0135679 sec]
- the # of frequent itemsets - 2047
Generating candidate itemsets. [4.31538e-05 sec]
Performing support counting. [0.00651813 sec]
Printing frequent itemsets.
candidate_list_length - 1241, candidate_list_width - 6, numOfTransactions - 499999
Performing Level 6. [0.0106471 sec]
- the # of frequent itemsets - 914
Generating candidate itemsets. [2.09808e-05 sec]
Performing support counting. [0.00647807 sec]
Printing frequent itemsets.
candidate_list_length - 419, candidate_list_width - 7, numOfTransactions - 499999
Performing Level 7. [0.00939894 sec]
- the # of frequent itemsets - 413
Generating candidate itemsets. [1.09673e-05 sec]
Performing support counting. [0.00638795 sec]
Printing frequent itemsets.
candidate_list_length - 140, candidate_list_width - 8, numOfTransactions - 499999
Performing Level 8. [0.00851893 sec]
- the # of frequent itemsets - 140
Generating candidate itemsets. [4.05312e-06 sec]
Performing support counting. [0.00640392 sec]
Printing frequent itemsets.
candidate_list_length - 30, candidate_list_width - 9, numOfTransactions - 499999
Performing Level 9. [0.008183 sec]
- the # of frequent itemsets - 30
Generating candidate itemsets. [3.09944e-06 sec]
Performing support counting. [0.0063858 sec]
Printing frequent itemsets.
candidate_list_length - 3, candidate_list_width - 10, numOfTransactions - 499999
Performing Level 10. [0.00800514 sec]
- the # of frequent itemsets - 3
Generating candidate itemsets. [9.53674e-07 sec]
Performing support counting. [3.09944e-06 sec]
Printing frequent itemsets.
candidate_list_length - 0, candidate_list_width - 11, numOfTransactions - 499999
Performing Level 11. [0.00159502 sec]
- the # of frequent itemsets - 0
Presenting the information of runtime
- dataset: ./datasets/ibm/D500K-T25-I1K.dat, minsup: 0.002
- vertical list length: 4096
- the # of streams: 1
- the maximum GPU blocks: 20000000
- the maximum GPU threads per block: 64
- the # of GPUs: 1
Presenting the elapsed time for each steps
Building vertical database. [9.14338 sec]
Building mining framework. [5.12046 sec]
Generating pre-computation. [0 sec]
Performing mining operations. [0.575412 sec]
- Generating candidate itemsets. [0.0485377 sec]
- Performing support counting. [0.526874 sec]


Repetition: 2 / 2
GMiner frequent itemset mining implementation
by Kang-Wook Chon, 2016
http://infolab.dgist.ac.kr/~kwjeon/
input - ./datasets/ibm/D500K-T25-I1K.dat, output - ./results/gminer/D500K-T25-I1K.dat, minsup - 0.002, verticalListLength - 4096
numOfGPUs - 1, numOfStreams - 1, isMat - 0, sizeofFragments - 3, isWirteOutput - 1
Reading file into main memory. [1.61798 sec]
Finding frequent 1-itemsets. [0.134802 sec]
Transforming vertical format with bit vectors from horizontal format. [0.0433462 sec]
Building the buffers of TB and SA with respect to the TFL strategy. [3.14461 sec]
Allocating the buffers with respect to candidate itemsets. [1.91334 sec]
Allocating the buffers on GPU device memory. [0.00171304 sec]
Generating candidate itemsets. [0.001894 sec]
Performing support counting. [0.056879 sec]
Printing frequent itemsets.
candidate_list_length - 407253, candidate_list_width - 2, numOfTransactions - 499999
Performing Level 2. [0.1614 sec]
- the # of frequent itemsets - 39632
Generating candidate itemsets. [0.0126061 sec]
Performing support counting. [0.232612 sec]
Printing frequent itemsets.
candidate_list_length - 1793134, candidate_list_width - 3, numOfTransactions - 499999
Performing Level 3. [0.280695 sec]
- the # of frequent itemsets - 4772
Generating candidate itemsets. [0.00494909 sec]
Performing support counting. [0.00955319 sec]
Printing frequent itemsets.
candidate_list_length - 3838, candidate_list_width - 4, numOfTransactions - 499999
Performing Level 4. [0.023948 sec]
- the # of frequent itemsets - 3134
Generating candidate itemsets. [7.9155e-05 sec]
Performing support counting. [0.00947404 sec]
Printing frequent itemsets.
candidate_list_length - 2645, candidate_list_width - 5, numOfTransactions - 499999
Performing Level 5. [0.015969 sec]
- the # of frequent itemsets - 2047
Generating candidate itemsets. [4.19617e-05 sec]
Performing support counting. [0.0092001 sec]
Printing frequent itemsets.
candidate_list_length - 1241, candidate_list_width - 6, numOfTransactions - 499999
Performing Level 6. [0.0135539 sec]
- the # of frequent itemsets - 914
Generating candidate itemsets. [2.09808e-05 sec]
Performing support counting. [0.0092051 sec]
Printing frequent itemsets.
candidate_list_length - 419, candidate_list_width - 7, numOfTransactions - 499999
Performing Level 7. [0.0120599 sec]
- the # of frequent itemsets - 413
Generating candidate itemsets. [1.00136e-05 sec]
Performing support counting. [0.0091002 sec]
Printing frequent itemsets.
candidate_list_length - 140, candidate_list_width - 8, numOfTransactions - 499999
Performing Level 8. [0.0112331 sec]
- the # of frequent itemsets - 140
Generating candidate itemsets. [4.05312e-06 sec]
Performing support counting. [0.00910401 sec]
Printing frequent itemsets.
candidate_list_length - 30, candidate_list_width - 9, numOfTransactions - 499999
Performing Level 9. [0.0106909 sec]
- the # of frequent itemsets - 30
Generating candidate itemsets. [2.14577e-06 sec]
Performing support counting. [0.00904202 sec]
Printing frequent itemsets.
candidate_list_length - 3, candidate_list_width - 10, numOfTransactions - 499999
Performing Level 10. [0.010844 sec]
- the # of frequent itemsets - 3
Generating candidate itemsets. [1.19209e-06 sec]
Performing support counting. [2.14577e-06 sec]
Printing frequent itemsets.
candidate_list_length - 0, candidate_list_width - 11, numOfTransactions - 499999
Performing Level 11. [0.00144506 sec]
- the # of frequent itemsets - 0
Presenting the information of runtime
- dataset: ./datasets/ibm/D500K-T25-I1K.dat, minsup: 0.002
- vertical list length: 4096
- the # of streams: 1
- the maximum GPU blocks: 20000000
- the maximum GPU threads per block: 64
- the # of GPUs: 1
Presenting the elapsed time for each steps
Building vertical database. [1.7652 sec]
Building mining framework. [5.14735 sec]
Generating pre-computation. [0 sec]
Performing mining operations. [0.542046 sec]
- Generating candidate itemsets. [0.0403125 sec]
- Performing support counting. [0.501734 sec]


Generated Pattern File:

