Dataset: D100K-T55-I1K
Repetitions: 2
Minimum Support: 0.002




Repetition: 1 / 2
GMiner frequent itemset mining implementation
by Kang-Wook Chon, 2016
http://infolab.dgist.ac.kr/~kwjeon/
input - ./datasets/ibm/D100K-T55-I1K.dat, output - ./results/gminer/D100K-T55-I1K.dat, minsup - 0.002, verticalListLength - 4096
numOfGPUs - 1, numOfStreams - 1, isMat - 0, sizeofFragments - 3, isWirteOutput - 1
Reading file into main memory. [2.97098 sec]
Finding frequent 1-itemsets. [0.0426641 sec]
Transforming vertical format with bit vectors from horizontal format. [0.0189121 sec]
Building the buffers of TB and SA with respect to the TFL strategy. [2.37898 sec]
Allocating the buffers with respect to candidate itemsets. [1.87818 sec]
Allocating the buffers on GPU device memory. [0.00164199 sec]
Generating candidate itemsets. [0.00202894 sec]
Performing support counting. [0.0240631 sec]
Printing frequent itemsets.
candidate_list_length - 446040, candidate_list_width - 2, numOfTransactions - 100000
Performing Level 2. [0.475458 sec]
- the # of frequent itemsets - 190199
Generating candidate itemsets. [0.156773 sec]
Performing support counting. [1.73559 sec]
Printing frequent itemsets.
candidate_list_length - 28713819, candidate_list_width - 3, numOfTransactions - 100000
Performing Level 3. [6.19196 sec]
- the # of frequent itemsets - 1570147
Generating candidate itemsets. [0.305661 sec]
Performing support counting. [1.81442 sec]
Printing frequent itemsets.
candidate_list_length - 30396413, candidate_list_width - 4, numOfTransactions - 100000
Performing Level 4. [3.13749 sec]
- the # of frequent itemsets - 265112
Generating candidate itemsets. [0.088897 sec]
Performing support counting. [0.0269699 sec]
Printing frequent itemsets.
candidate_list_length - 461354, candidate_list_width - 5, numOfTransactions - 100000
Performing Level 5. [0.172551 sec]
- the # of frequent itemsets - 15400
Generating candidate itemsets. [0.00260711 sec]
Performing support counting. [0.00289297 sec]
Printing frequent itemsets.
candidate_list_length - 17567, candidate_list_width - 6, numOfTransactions - 100000
Performing Level 6. [0.026437 sec]
- the # of frequent itemsets - 8064
Generating candidate itemsets. [0.000208855 sec]
Performing support counting. [0.00225902 sec]
Printing frequent itemsets.
candidate_list_length - 7207, candidate_list_width - 7, numOfTransactions - 100000
Performing Level 7. [0.013845 sec]
- the # of frequent itemsets - 4044
Generating candidate itemsets. [9.60827e-05 sec]
Performing support counting. [0.00201106 sec]
Printing frequent itemsets.
candidate_list_length - 3081, candidate_list_width - 8, numOfTransactions - 100000
Performing Level 8. [0.00809121 sec]
- the # of frequent itemsets - 1767
Generating candidate itemsets. [5.57899e-05 sec]
Performing support counting. [0.00187612 sec]
Printing frequent itemsets.
candidate_list_length - 1122, candidate_list_width - 9, numOfTransactions - 100000
Performing Level 9. [0.00507808 sec]
- the # of frequent itemsets - 635
Generating candidate itemsets. [2.19345e-05 sec]
Performing support counting. [0.00181913 sec]
Printing frequent itemsets.
candidate_list_length - 311, candidate_list_width - 10, numOfTransactions - 100000
Performing Level 10. [0.00375915 sec]
- the # of frequent itemsets - 167
Generating candidate itemsets. [7.86781e-06 sec]
Performing support counting. [0.00180912 sec]
Printing frequent itemsets.
candidate_list_length - 57, candidate_list_width - 11, numOfTransactions - 100000
Performing Level 11. [0.00344491 sec]
- the # of frequent itemsets - 27
Generating candidate itemsets. [3.09944e-06 sec]
Performing support counting. [0.00178099 sec]
Printing frequent itemsets.
candidate_list_length - 5, candidate_list_width - 12, numOfTransactions - 100000
Performing Level 12. [0.00314403 sec]
- the # of frequent itemsets - 2
Generating candidate itemsets. [0 sec]
Performing support counting. [9.53674e-07 sec]
Printing frequent itemsets.
candidate_list_length - 0, candidate_list_width - 13, numOfTransactions - 100000
Performing Level 13. [0.00146198 sec]
- the # of frequent itemsets - 0
Presenting the information of runtime
- dataset: ./datasets/ibm/D100K-T55-I1K.dat, minsup: 0.002
- vertical list length: 4096
- the # of streams: 1
- the maximum GPU blocks: 20000000
- the maximum GPU threads per block: 64
- the # of GPUs: 1
Presenting the elapsed time for each steps
Building vertical database. [3.02461 sec]
Building mining framework. [4.28888 sec]
Generating pre-computation. [0 sec]
Performing mining operations. [10.043 sec]
- Generating candidate itemsets. [1.12678 sec]
- Performing support counting. [8.91624 sec]


Repetition: 2 / 2
GMiner frequent itemset mining implementation
by Kang-Wook Chon, 2016
http://infolab.dgist.ac.kr/~kwjeon/
input - ./datasets/ibm/D100K-T55-I1K.dat, output - ./results/gminer/D100K-T55-I1K.dat, minsup - 0.002, verticalListLength - 4096
numOfGPUs - 1, numOfStreams - 1, isMat - 0, sizeofFragments - 3, isWirteOutput - 1
Reading file into main memory. [0.691896 sec]
Finding frequent 1-itemsets. [0.0436058 sec]
Transforming vertical format with bit vectors from horizontal format. [0.0267282 sec]
Building the buffers of TB and SA with respect to the TFL strategy. [2.41316 sec]
Allocating the buffers with respect to candidate itemsets. [1.90886 sec]
Allocating the buffers on GPU device memory. [0.00159597 sec]
Generating candidate itemsets. [0.00218582 sec]
Performing support counting. [0.0232251 sec]
Printing frequent itemsets.
candidate_list_length - 446040, candidate_list_width - 2, numOfTransactions - 100000
Performing Level 2. [0.424206 sec]
- the # of frequent itemsets - 190199
Generating candidate itemsets. [0.156664 sec]
Performing support counting. [1.72889 sec]
Printing frequent itemsets.
candidate_list_length - 28713819, candidate_list_width - 3, numOfTransactions - 100000
Performing Level 3. [6.12582 sec]
- the # of frequent itemsets - 1570147
Generating candidate itemsets. [0.296627 sec]
Performing support counting. [1.79602 sec]
Printing frequent itemsets.
candidate_list_length - 30396413, candidate_list_width - 4, numOfTransactions - 100000
Performing Level 4. [3.1287 sec]
- the # of frequent itemsets - 265112
Generating candidate itemsets. [0.0920939 sec]
Performing support counting. [0.0276392 sec]
Printing frequent itemsets.
candidate_list_length - 461354, candidate_list_width - 5, numOfTransactions - 100000
Performing Level 5. [0.180219 sec]
- the # of frequent itemsets - 15400
Generating candidate itemsets. [0.00262094 sec]
Performing support counting. [0.00289702 sec]
Printing frequent itemsets.
candidate_list_length - 17567, candidate_list_width - 6, numOfTransactions - 100000
Performing Level 6. [0.0264471 sec]
- the # of frequent itemsets - 8064
Generating candidate itemsets. [0.000213146 sec]
Performing support counting. [0.00229001 sec]
Printing frequent itemsets.
candidate_list_length - 7207, candidate_list_width - 7, numOfTransactions - 100000
Performing Level 7. [0.013957 sec]
- the # of frequent itemsets - 4044
Generating candidate itemsets. [9.60827e-05 sec]
Performing support counting. [0.00201106 sec]
Printing frequent itemsets.
candidate_list_length - 3081, candidate_list_width - 8, numOfTransactions - 100000
Performing Level 8. [0.00808001 sec]
- the # of frequent itemsets - 1767
Generating candidate itemsets. [4.60148e-05 sec]
Performing support counting. [0.00191092 sec]
Printing frequent itemsets.
candidate_list_length - 1122, candidate_list_width - 9, numOfTransactions - 100000
Performing Level 9. [0.00523806 sec]
- the # of frequent itemsets - 635
Generating candidate itemsets. [2.09808e-05 sec]
Performing support counting. [0.001827 sec]
Printing frequent itemsets.
candidate_list_length - 311, candidate_list_width - 10, numOfTransactions - 100000
Performing Level 10. [0.00370312 sec]
- the # of frequent itemsets - 167
Generating candidate itemsets. [8.10623e-06 sec]
Performing support counting. [0.00180984 sec]
Printing frequent itemsets.
candidate_list_length - 57, candidate_list_width - 11, numOfTransactions - 100000
Performing Level 11. [0.00340009 sec]
- the # of frequent itemsets - 27
Generating candidate itemsets. [3.09944e-06 sec]
Performing support counting. [0.00177503 sec]
Printing frequent itemsets.
candidate_list_length - 5, candidate_list_width - 12, numOfTransactions - 100000
Performing Level 12. [0.00364089 sec]
- the # of frequent itemsets - 2
Generating candidate itemsets. [9.53674e-07 sec]
Performing support counting. [1.19209e-06 sec]
Printing frequent itemsets.
candidate_list_length - 0, candidate_list_width - 13, numOfTransactions - 100000
Performing Level 13. [0.00155878 sec]
- the # of frequent itemsets - 0
Presenting the information of runtime
- dataset: ./datasets/ibm/D100K-T55-I1K.dat, minsup: 0.002
- vertical list length: 4096
- the # of streams: 1
- the maximum GPU blocks: 20000000
- the maximum GPU threads per block: 64
- the # of GPUs: 1
Presenting the elapsed time for each steps
Building vertical database. [0.746443 sec]
Building mining framework. [4.38677 sec]
Generating pre-computation. [0 sec]
Performing mining operations. [9.92532 sec]
- Generating candidate itemsets. [1.11923 sec]
- Performing support counting. [8.8061 sec]


Generated Pattern File:

