Dataset: D100K-T40-I1K
Repetitions: 2
Minimum Support: 0.002




Repetition: 1 / 2
GMiner frequent itemset mining implementation
by Kang-Wook Chon, 2016
http://infolab.dgist.ac.kr/~kwjeon/
input - ./datasets/ibm/D100K-T40-I1K.dat, output - ./results/gminer/D100K-T40-I1K.dat, minsup - 0.002, verticalListLength - 4096
numOfGPUs - 1, numOfStreams - 1, isMat - 0, sizeofFragments - 3, isWirteOutput - 1
Reading file into main memory. [1.42126 sec]
Finding frequent 1-itemsets. [0.026803 sec]
Transforming vertical format with bit vectors from horizontal format. [0.0147569 sec]
Building the buffers of TB and SA with respect to the TFL strategy. [2.38975 sec]
Allocating the buffers with respect to candidate itemsets. [1.86456 sec]
Allocating the buffers on GPU device memory. [0.00163102 sec]
Generating candidate itemsets. [0.00194001 sec]
Performing support counting. [0.022805 sec]
Printing frequent itemsets.
candidate_list_length - 434778, candidate_list_width - 2, numOfTransactions - 100000
Performing Level 2. [0.289949 sec]
- the # of frequent itemsets - 118241
Generating candidate itemsets. [0.0708771 sec]
Performing support counting. [0.622681 sec]
Printing frequent itemsets.
candidate_list_length - 12523314, candidate_list_width - 3, numOfTransactions - 100000
Performing Level 3. [1.27028 sec]
- the # of frequent itemsets - 159817
Generating candidate itemsets. [0.045665 sec]
Performing support counting. [0.05375 sec]
Printing frequent itemsets.
candidate_list_length - 1012595, candidate_list_width - 4, numOfTransactions - 100000
Performing Level 4. [0.144998 sec]
- the # of frequent itemsets - 10585
Generating candidate itemsets. [0.00338793 sec]
Performing support counting. [0.00221491 sec]
Printing frequent itemsets.
candidate_list_length - 6998, candidate_list_width - 5, numOfTransactions - 100000
Performing Level 5. [0.02282 sec]
- the # of frequent itemsets - 6440
Generating candidate itemsets. [0.000108957 sec]
Performing support counting. [0.00201011 sec]
Printing frequent itemsets.
candidate_list_length - 4064, candidate_list_width - 6, numOfTransactions - 100000
Performing Level 6. [0.013453 sec]
- the # of frequent itemsets - 4002
Generating candidate itemsets. [5.48363e-05 sec]
Performing support counting. [0.00188303 sec]
Printing frequent itemsets.
candidate_list_length - 2336, candidate_list_width - 7, numOfTransactions - 100000
Performing Level 7. [0.00924802 sec]
- the # of frequent itemsets - 2319
Generating candidate itemsets. [3.29018e-05 sec]
Performing support counting. [0.00181389 sec]
Printing frequent itemsets.
candidate_list_length - 1179, candidate_list_width - 8, numOfTransactions - 100000
Performing Level 8. [0.00632691 sec]
- the # of frequent itemsets - 1175
Generating candidate itemsets. [1.69277e-05 sec]
Performing support counting. [0.00177288 sec]
Printing frequent itemsets.
candidate_list_length - 473, candidate_list_width - 9, numOfTransactions - 100000
Performing Level 9. [0.004462 sec]
- the # of frequent itemsets - 473
Generating candidate itemsets. [1.00136e-05 sec]
Performing support counting. [0.00173092 sec]
Printing frequent itemsets.
candidate_list_length - 135, candidate_list_width - 10, numOfTransactions - 100000
Performing Level 10. [0.00347495 sec]
- the # of frequent itemsets - 135
Generating candidate itemsets. [4.05312e-06 sec]
Performing support counting. [0.00172305 sec]
Printing frequent itemsets.
candidate_list_length - 24, candidate_list_width - 11, numOfTransactions - 100000
Performing Level 11. [0.003232 sec]
- the # of frequent itemsets - 24
Generating candidate itemsets. [1.90735e-06 sec]
Performing support counting. [0.00171804 sec]
Printing frequent itemsets.
candidate_list_length - 2, candidate_list_width - 12, numOfTransactions - 100000
Performing Level 12. [0.00309801 sec]
- the # of frequent itemsets - 2
Generating candidate itemsets. [0 sec]
Performing support counting. [1.19209e-06 sec]
Printing frequent itemsets.
candidate_list_length - 0, candidate_list_width - 13, numOfTransactions - 100000
Performing Level 13. [0.00134397 sec]
- the # of frequent itemsets - 0
Presenting the information of runtime
- dataset: ./datasets/ibm/D100K-T40-I1K.dat, minsup: 0.002
- vertical list length: 4096
- the # of streams: 1
- the maximum GPU blocks: 20000000
- the maximum GPU threads per block: 64
- the # of GPUs: 1
Presenting the elapsed time for each steps
Building vertical database. [1.45077 sec]
Building mining framework. [4.28249 sec]
Generating pre-computation. [0 sec]
Performing mining operations. [1.77296 sec]
- Generating candidate itemsets. [0.25276 sec]
- Performing support counting. [1.5202 sec]


Repetition: 2 / 2
GMiner frequent itemset mining implementation
by Kang-Wook Chon, 2016
http://infolab.dgist.ac.kr/~kwjeon/
input - ./datasets/ibm/D100K-T40-I1K.dat, output - ./results/gminer/D100K-T40-I1K.dat, minsup - 0.002, verticalListLength - 4096
numOfGPUs - 1, numOfStreams - 1, isMat - 0, sizeofFragments - 3, isWirteOutput - 1
Reading file into main memory. [0.590272 sec]
Finding frequent 1-itemsets. [0.0274439 sec]
Transforming vertical format with bit vectors from horizontal format. [0.0141149 sec]
Building the buffers of TB and SA with respect to the TFL strategy. [2.47763 sec]
Allocating the buffers with respect to candidate itemsets. [1.87262 sec]
Allocating the buffers on GPU device memory. [0.00157809 sec]
Generating candidate itemsets. [0.00191092 sec]
Performing support counting. [0.022824 sec]
Printing frequent itemsets.
candidate_list_length - 434778, candidate_list_width - 2, numOfTransactions - 100000
Performing Level 2. [0.292914 sec]
- the # of frequent itemsets - 118241
Generating candidate itemsets. [0.070611 sec]
Performing support counting. [0.609176 sec]
Printing frequent itemsets.
candidate_list_length - 12523314, candidate_list_width - 3, numOfTransactions - 100000
Performing Level 3. [1.18593 sec]
- the # of frequent itemsets - 159817
Generating candidate itemsets. [0.0413039 sec]
Performing support counting. [0.0536358 sec]
Printing frequent itemsets.
candidate_list_length - 1012595, candidate_list_width - 4, numOfTransactions - 100000
Performing Level 4. [0.13966 sec]
- the # of frequent itemsets - 10585
Generating candidate itemsets. [0.00336504 sec]
Performing support counting. [0.00313687 sec]
Printing frequent itemsets.
candidate_list_length - 6998, candidate_list_width - 5, numOfTransactions - 100000
Performing Level 5. [0.0237999 sec]
- the # of frequent itemsets - 6440
Generating candidate itemsets. [0.000110865 sec]
Performing support counting. [0.00295806 sec]
Printing frequent itemsets.
candidate_list_length - 4064, candidate_list_width - 6, numOfTransactions - 100000
Performing Level 6. [0.0140741 sec]
- the # of frequent itemsets - 4002
Generating candidate itemsets. [5.48363e-05 sec]
Performing support counting. [0.00281692 sec]
Printing frequent itemsets.
candidate_list_length - 2336, candidate_list_width - 7, numOfTransactions - 100000
Performing Level 7. [0.0099988 sec]
- the # of frequent itemsets - 2319
Generating candidate itemsets. [3.19481e-05 sec]
Performing support counting. [0.00270581 sec]
Printing frequent itemsets.
candidate_list_length - 1179, candidate_list_width - 8, numOfTransactions - 100000
Performing Level 8. [0.00707102 sec]
- the # of frequent itemsets - 1175
Generating candidate itemsets. [1.71661e-05 sec]
Performing support counting. [0.00268507 sec]
Printing frequent itemsets.
candidate_list_length - 473, candidate_list_width - 9, numOfTransactions - 100000
Performing Level 9. [0.00536394 sec]
- the # of frequent itemsets - 473
Generating candidate itemsets. [1.28746e-05 sec]
Performing support counting. [0.00268793 sec]
Printing frequent itemsets.
candidate_list_length - 135, candidate_list_width - 10, numOfTransactions - 100000
Performing Level 10. [0.00449491 sec]
- the # of frequent itemsets - 135
Generating candidate itemsets. [5.96046e-06 sec]
Performing support counting. [0.00266719 sec]
Printing frequent itemsets.
candidate_list_length - 24, candidate_list_width - 11, numOfTransactions - 100000
Performing Level 11. [0.00426698 sec]
- the # of frequent itemsets - 24
Generating candidate itemsets. [2.86102e-06 sec]
Performing support counting. [0.00264812 sec]
Printing frequent itemsets.
candidate_list_length - 2, candidate_list_width - 12, numOfTransactions - 100000
Performing Level 12. [0.00408196 sec]
- the # of frequent itemsets - 2
Generating candidate itemsets. [9.53674e-07 sec]
Performing support counting. [9.53674e-07 sec]
Printing frequent itemsets.
candidate_list_length - 0, candidate_list_width - 13, numOfTransactions - 100000
Performing Level 13. [0.00153089 sec]
- the # of frequent itemsets - 0
Presenting the information of runtime
- dataset: ./datasets/ibm/D100K-T40-I1K.dat, minsup: 0.002
- vertical list length: 4096
- the # of streams: 1
- the maximum GPU blocks: 20000000
- the maximum GPU threads per block: 64
- the # of GPUs: 1
Presenting the elapsed time for each steps
Building vertical database. [0.620499 sec]
Building mining framework. [4.38209 sec]
Generating pre-computation. [0 sec]
Performing mining operations. [1.69345 sec]
- Generating candidate itemsets. [0.246502 sec]
- Performing support counting. [1.44695 sec]


Generated Pattern File:

