Dataset: D250K-T10-I1K
Repetitions: 2
Minimum Support: 0.002




Repetition: 1 / 2
GMiner frequent itemset mining implementation
by Kang-Wook Chon, 2016
http://infolab.dgist.ac.kr/~kwjeon/
input - ./datasets/ibm/D250K-T10-I1K.dat, output - ./results/gminer/D250K-T10-I1K.dat, minsup - 0.002, verticalListLength - 4096
numOfGPUs - 1, numOfStreams - 1, isMat - 0, sizeofFragments - 3, isWirteOutput - 1
Reading file into main memory. [0.919043 sec]
Finding frequent 1-itemsets. [0.0186279 sec]
Transforming vertical format with bit vectors from horizontal format. [0.012373 sec]
Building the buffers of TB and SA with respect to the TFL strategy. [2.70292 sec]
Allocating the buffers with respect to candidate itemsets. [1.90871 sec]
Allocating the buffers on GPU device memory. [0.00183296 sec]
Generating candidate itemsets. [0.00160909 sec]
Performing support counting. [0.026757 sec]
Printing frequent itemsets.
candidate_list_length - 320400, candidate_list_width - 2, numOfTransactions - 245954
Performing Level 2. [0.0388229 sec]
- the # of frequent itemsets - 750
Generating candidate itemsets. [0.000884056 sec]
Performing support counting. [0.00451016 sec]
Printing frequent itemsets.
candidate_list_length - 1555, candidate_list_width - 3, numOfTransactions - 245954
Performing Level 3. [0.00716496 sec]
- the # of frequent itemsets - 14
Generating candidate itemsets. [1.3113e-05 sec]
Performing support counting. [0.00433087 sec]
Printing frequent itemsets.
candidate_list_length - 5, candidate_list_width - 4, numOfTransactions - 245954
Performing Level 4. [0.00589204 sec]
- the # of frequent itemsets - 5
Generating candidate itemsets. [9.53674e-07 sec]
Performing support counting. [0.00433111 sec]
Printing frequent itemsets.
candidate_list_length - 1, candidate_list_width - 5, numOfTransactions - 245954
Performing Level 5. [0.00574708 sec]
- the # of frequent itemsets - 0
Presenting the information of runtime
- dataset: ./datasets/ibm/D250K-T10-I1K.dat, minsup: 0.002
- vertical list length: 4096
- the # of streams: 1
- the maximum GPU blocks: 20000000
- the maximum GPU threads per block: 64
- the # of GPUs: 1
Presenting the elapsed time for each steps
Building vertical database. [0.940675 sec]
Building mining framework. [4.65017 sec]
Generating pre-computation. [0 sec]
Performing mining operations. [0.0577049 sec]
- Generating candidate itemsets. [0.005615 sec]
- Performing support counting. [0.0520899 sec]


Repetition: 2 / 2
GMiner frequent itemset mining implementation
by Kang-Wook Chon, 2016
http://infolab.dgist.ac.kr/~kwjeon/
input - ./datasets/ibm/D250K-T10-I1K.dat, output - ./results/gminer/D250K-T10-I1K.dat, minsup - 0.002, verticalListLength - 4096
numOfGPUs - 1, numOfStreams - 1, isMat - 0, sizeofFragments - 3, isWirteOutput - 1
Reading file into main memory. [0.344041 sec]
Finding frequent 1-itemsets. [0.0161941 sec]
Transforming vertical format with bit vectors from horizontal format. [0.0123389 sec]
Building the buffers of TB and SA with respect to the TFL strategy. [2.60766 sec]
Allocating the buffers with respect to candidate itemsets. [1.9715 sec]
Allocating the buffers on GPU device memory. [0.00175095 sec]
Generating candidate itemsets. [0.001477 sec]
Performing support counting. [0.026361 sec]
Printing frequent itemsets.
candidate_list_length - 320400, candidate_list_width - 2, numOfTransactions - 245954
Performing Level 2. [0.0373681 sec]
- the # of frequent itemsets - 750
Generating candidate itemsets. [0.000788927 sec]
Performing support counting. [0.0045681 sec]
Printing frequent itemsets.
candidate_list_length - 1555, candidate_list_width - 3, numOfTransactions - 245954
Performing Level 3. [0.00703096 sec]
- the # of frequent itemsets - 14
Generating candidate itemsets. [1.19209e-05 sec]
Performing support counting. [0.00442004 sec]
Printing frequent itemsets.
candidate_list_length - 5, candidate_list_width - 4, numOfTransactions - 245954
Performing Level 4. [0.00601888 sec]
- the # of frequent itemsets - 5
Generating candidate itemsets. [9.53674e-07 sec]
Performing support counting. [0.004457 sec]
Printing frequent itemsets.
candidate_list_length - 1, candidate_list_width - 5, numOfTransactions - 245954
Performing Level 5. [0.00598621 sec]
- the # of frequent itemsets - 0
Presenting the information of runtime
- dataset: ./datasets/ibm/D250K-T10-I1K.dat, minsup: 0.002
- vertical list length: 4096
- the # of streams: 1
- the maximum GPU blocks: 20000000
- the maximum GPU threads per block: 64
- the # of GPUs: 1
Presenting the elapsed time for each steps
Building vertical database. [0.362815 sec]
Building mining framework. [4.61829 sec]
Generating pre-computation. [0 sec]
Performing mining operations. [0.056474 sec]
- Generating candidate itemsets. [0.00524116 sec]
- Performing support counting. [0.0512328 sec]


Generated Pattern File:

