Dataset: D250K-T40-I1K
Repetitions: 2
Minimum Support: 0.002




Repetition: 1 / 2
GMiner frequent itemset mining implementation
by Kang-Wook Chon, 2016
http://infolab.dgist.ac.kr/~kwjeon/
input - ./datasets/ibm/D250K-T40-I1K.dat, output - ./results/gminer/D250K-T40-I1K.dat, minsup - 0.002, verticalListLength - 4096
numOfGPUs - 1, numOfStreams - 1, isMat - 0, sizeofFragments - 3, isWirteOutput - 1
Reading file into main memory. [6.62554 sec]
Finding frequent 1-itemsets. [0.0911021 sec]
Transforming vertical format with bit vectors from horizontal format. [0.0311902 sec]
Building the buffers of TB and SA with respect to the TFL strategy. [2.63611 sec]
Allocating the buffers with respect to candidate itemsets. [1.85846 sec]
Allocating the buffers on GPU device memory. [0.00231194 sec]
Generating candidate itemsets. [0.0019598 sec]
Performing support counting. [0.0347769 sec]
Printing frequent itemsets.
candidate_list_length - 434778, candidate_list_width - 2, numOfTransactions - 250000
Performing Level 2. [0.285599 sec]
- the # of frequent itemsets - 118109
Generating candidate itemsets. [0.069901 sec]
Performing support counting. [0.917757 sec]
Printing frequent itemsets.
candidate_list_length - 12520129, candidate_list_width - 3, numOfTransactions - 250000
Performing Level 3. [1.48342 sec]
- the # of frequent itemsets - 157177
Generating candidate itemsets. [0.0454581 sec]
Performing support counting. [0.0836029 sec]
Printing frequent itemsets.
candidate_list_length - 999328, candidate_list_width - 4, numOfTransactions - 250000
Performing Level 4. [0.175252 sec]
- the # of frequent itemsets - 10437
Generating candidate itemsets. [0.00350285 sec]
Performing support counting. [0.004071 sec]
Printing frequent itemsets.
candidate_list_length - 6883, candidate_list_width - 5, numOfTransactions - 250000
Performing Level 5. [0.024503 sec]
- the # of frequent itemsets - 6450
Generating candidate itemsets. [0.000108004 sec]
Performing support counting. [0.00385594 sec]
Printing frequent itemsets.
candidate_list_length - 4045, candidate_list_width - 6, numOfTransactions - 250000
Performing Level 6. [0.020196 sec]
- the # of frequent itemsets - 3967
Generating candidate itemsets. [7.98702e-05 sec]
Performing support counting. [0.00372601 sec]
Printing frequent itemsets.
candidate_list_length - 2326, candidate_list_width - 7, numOfTransactions - 250000
Performing Level 7. [0.0142641 sec]
- the # of frequent itemsets - 2310
Generating candidate itemsets. [3.21865e-05 sec]
Performing support counting. [0.00355196 sec]
Printing frequent itemsets.
candidate_list_length - 1178, candidate_list_width - 8, numOfTransactions - 250000
Performing Level 8. [0.008111 sec]
- the # of frequent itemsets - 1174
Generating candidate itemsets. [2.09808e-05 sec]
Performing support counting. [0.00353003 sec]
Printing frequent itemsets.
candidate_list_length - 473, candidate_list_width - 9, numOfTransactions - 250000
Performing Level 9. [0.006459 sec]
- the # of frequent itemsets - 473
Generating candidate itemsets. [1.21593e-05 sec]
Performing support counting. [0.00350499 sec]
Printing frequent itemsets.
candidate_list_length - 135, candidate_list_width - 10, numOfTransactions - 250000
Performing Level 10. [0.00550199 sec]
- the # of frequent itemsets - 133
Generating candidate itemsets. [5.00679e-06 sec]
Performing support counting. [0.00349808 sec]
Printing frequent itemsets.
candidate_list_length - 23, candidate_list_width - 11, numOfTransactions - 250000
Performing Level 11. [0.00516415 sec]
- the # of frequent itemsets - 12
Generating candidate itemsets. [3.09944e-06 sec]
Performing support counting. [0.00345302 sec]
Printing frequent itemsets.
candidate_list_length - 1, candidate_list_width - 12, numOfTransactions - 250000
Performing Level 12. [0.00490594 sec]
- the # of frequent itemsets - 1
Generating candidate itemsets. [0 sec]
Performing support counting. [9.53674e-07 sec]
Printing frequent itemsets.
candidate_list_length - 0, candidate_list_width - 13, numOfTransactions - 250000
Performing Level 13. [0.00141096 sec]
- the # of frequent itemsets - 0
Presenting the information of runtime
- dataset: ./datasets/ibm/D250K-T40-I1K.dat, minsup: 0.002
- vertical list length: 4096
- the # of streams: 1
- the maximum GPU blocks: 20000000
- the maximum GPU threads per block: 64
- the # of GPUs: 1
Presenting the elapsed time for each steps
Building vertical database. [6.72476 sec]
Building mining framework. [4.54887 sec]
Generating pre-computation. [0 sec]
Performing mining operations. [2.03512 sec]
- Generating candidate itemsets. [0.252722 sec]
- Performing support counting. [1.7824 sec]


Repetition: 2 / 2
GMiner frequent itemset mining implementation
by Kang-Wook Chon, 2016
http://infolab.dgist.ac.kr/~kwjeon/
input - ./datasets/ibm/D250K-T40-I1K.dat, output - ./results/gminer/D250K-T40-I1K.dat, minsup - 0.002, verticalListLength - 4096
numOfGPUs - 1, numOfStreams - 1, isMat - 0, sizeofFragments - 3, isWirteOutput - 1
Reading file into main memory. [1.1537 sec]
Finding frequent 1-itemsets. [0.0923119 sec]
Transforming vertical format with bit vectors from horizontal format. [0.0407732 sec]
Building the buffers of TB and SA with respect to the TFL strategy. [2.65962 sec]
Allocating the buffers with respect to candidate itemsets. [1.92735 sec]
Allocating the buffers on GPU device memory. [0.00213885 sec]
Generating candidate itemsets. [0.00198102 sec]
Performing support counting. [0.0346189 sec]
Printing frequent itemsets.
candidate_list_length - 434778, candidate_list_width - 2, numOfTransactions - 250000
Performing Level 2. [0.362507 sec]
- the # of frequent itemsets - 118109
Generating candidate itemsets. [0.0865979 sec]
Performing support counting. [0.929055 sec]
Printing frequent itemsets.
candidate_list_length - 12520129, candidate_list_width - 3, numOfTransactions - 250000
Performing Level 3. [1.51808 sec]
- the # of frequent itemsets - 157177
Generating candidate itemsets. [0.0413101 sec]
Performing support counting. [0.0828769 sec]
Printing frequent itemsets.
candidate_list_length - 999328, candidate_list_width - 4, numOfTransactions - 250000
Performing Level 4. [0.168881 sec]
- the # of frequent itemsets - 10437
Generating candidate itemsets. [0.00328588 sec]
Performing support counting. [0.00406504 sec]
Printing frequent itemsets.
candidate_list_length - 6883, candidate_list_width - 5, numOfTransactions - 250000
Performing Level 5. [0.0244401 sec]
- the # of frequent itemsets - 6450
Generating candidate itemsets. [0.000105143 sec]
Performing support counting. [0.003829 sec]
Printing frequent itemsets.
candidate_list_length - 4045, candidate_list_width - 6, numOfTransactions - 250000
Performing Level 6. [0.0149729 sec]
- the # of frequent itemsets - 3967
Generating candidate itemsets. [5.29289e-05 sec]
Performing support counting. [0.00364304 sec]
Printing frequent itemsets.
candidate_list_length - 2326, candidate_list_width - 7, numOfTransactions - 250000
Performing Level 7. [0.0109398 sec]
- the # of frequent itemsets - 2310
Generating candidate itemsets. [3.31402e-05 sec]
Performing support counting. [0.00352001 sec]
Printing frequent itemsets.
candidate_list_length - 1178, candidate_list_width - 8, numOfTransactions - 250000
Performing Level 8. [0.00806212 sec]
- the # of frequent itemsets - 1174
Generating candidate itemsets. [2.00272e-05 sec]
Performing support counting. [0.00352001 sec]
Printing frequent itemsets.
candidate_list_length - 473, candidate_list_width - 9, numOfTransactions - 250000
Performing Level 9. [0.00629306 sec]
- the # of frequent itemsets - 473
Generating candidate itemsets. [1.19209e-05 sec]
Performing support counting. [0.00345111 sec]
Printing frequent itemsets.
candidate_list_length - 135, candidate_list_width - 10, numOfTransactions - 250000
Performing Level 10. [0.00521088 sec]
- the # of frequent itemsets - 133
Generating candidate itemsets. [3.8147e-06 sec]
Performing support counting. [0.00343513 sec]
Printing frequent itemsets.
candidate_list_length - 23, candidate_list_width - 11, numOfTransactions - 250000
Performing Level 11. [0.00486207 sec]
- the # of frequent itemsets - 12
Generating candidate itemsets. [4.05312e-06 sec]
Performing support counting. [0.00340796 sec]
Printing frequent itemsets.
candidate_list_length - 1, candidate_list_width - 12, numOfTransactions - 250000
Performing Level 12. [0.00485897 sec]
- the # of frequent itemsets - 1
Generating candidate itemsets. [0 sec]
Performing support counting. [1.90735e-06 sec]
Printing frequent itemsets.
candidate_list_length - 0, candidate_list_width - 13, numOfTransactions - 250000
Performing Level 13. [0.00149298 sec]
- the # of frequent itemsets - 0
Presenting the information of runtime
- dataset: ./datasets/ibm/D250K-T40-I1K.dat, minsup: 0.002
- vertical list length: 4096
- the # of streams: 1
- the maximum GPU blocks: 20000000
- the maximum GPU threads per block: 64
- the # of GPUs: 1
Presenting the elapsed time for each steps
Building vertical database. [1.25439 sec]
Building mining framework. [4.65942 sec]
Generating pre-computation. [0 sec]
Performing mining operations. [2.13089 sec]
- Generating candidate itemsets. [0.269223 sec]
- Performing support counting. [1.86166 sec]


Generated Pattern File:

