Dataset: D250K-T55-I1K
Repetitions: 2
Minimum Support: 0.002




Repetition: 1 / 2
GMiner frequent itemset mining implementation
by Kang-Wook Chon, 2016
http://infolab.dgist.ac.kr/~kwjeon/
input - ./datasets/ibm/D250K-T55-I1K.dat, output - ./results/gminer/D250K-T55-I1K.dat, minsup - 0.002, verticalListLength - 4096
numOfGPUs - 1, numOfStreams - 1, isMat - 0, sizeofFragments - 3, isWirteOutput - 1
Reading file into main memory. [10.227 sec]
Finding frequent 1-itemsets. [0.140682 sec]
Transforming vertical format with bit vectors from horizontal format. [0.0424721 sec]
Building the buffers of TB and SA with respect to the TFL strategy. [2.65389 sec]
Allocating the buffers with respect to candidate itemsets. [1.86395 sec]
Allocating the buffers on GPU device memory. [0.00171089 sec]
Generating candidate itemsets. [0.00240302 sec]
Performing support counting. [0.036876 sec]
Printing frequent itemsets.
candidate_list_length - 446040, candidate_list_width - 2, numOfTransactions - 250000
Performing Level 2. [0.519948 sec]
- the # of frequent itemsets - 190145
Generating candidate itemsets. [0.155676 sec]
Performing support counting. [2.45105 sec]
Printing frequent itemsets.
candidate_list_length - 28736357, candidate_list_width - 3, numOfTransactions - 250000
Performing Level 3. [6.77632 sec]
- the # of frequent itemsets - 1553844
Generating candidate itemsets. [0.296376 sec]
Performing support counting. [2.63976 sec]
Printing frequent itemsets.
candidate_list_length - 30136670, candidate_list_width - 4, numOfTransactions - 250000
Performing Level 4. [3.95691 sec]
- the # of frequent itemsets - 252756
Generating candidate itemsets. [0.0886209 sec]
Performing support counting. [0.041281 sec]
Printing frequent itemsets.
candidate_list_length - 433396, candidate_list_width - 5, numOfTransactions - 250000
Performing Level 5. [0.185422 sec]
- the # of frequent itemsets - 14566
Generating candidate itemsets. [0.00239992 sec]
Performing support counting. [0.00667119 sec]
Printing frequent itemsets.
candidate_list_length - 15643, candidate_list_width - 6, numOfTransactions - 250000
Performing Level 6. [0.030391 sec]
- the # of frequent itemsets - 7570
Generating candidate itemsets. [0.000222921 sec]
Performing support counting. [0.005831 sec]
Printing frequent itemsets.
candidate_list_length - 6352, candidate_list_width - 7, numOfTransactions - 250000
Performing Level 7. [0.0175741 sec]
- the # of frequent itemsets - 3872
Generating candidate itemsets. [8.51154e-05 sec]
Performing support counting. [0.00547218 sec]
Printing frequent itemsets.
candidate_list_length - 2592, candidate_list_width - 8, numOfTransactions - 250000
Performing Level 8. [0.0113571 sec]
- the # of frequent itemsets - 1676
Generating candidate itemsets. [3.8147e-05 sec]
Performing support counting. [0.00525093 sec]
Printing frequent itemsets.
candidate_list_length - 859, candidate_list_width - 9, numOfTransactions - 250000
Performing Level 9. [0.00828004 sec]
- the # of frequent itemsets - 592
Generating candidate itemsets. [1.81198e-05 sec]
Performing support counting. [0.00522399 sec]
Printing frequent itemsets.
candidate_list_length - 208, candidate_list_width - 10, numOfTransactions - 250000
Performing Level 10. [0.00725508 sec]
- the # of frequent itemsets - 157
Generating candidate itemsets. [5.00679e-06 sec]
Performing support counting. [0.00506902 sec]
Printing frequent itemsets.
candidate_list_length - 36, candidate_list_width - 11, numOfTransactions - 250000
Performing Level 11. [0.00666213 sec]
- the # of frequent itemsets - 26
Generating candidate itemsets. [1.90735e-06 sec]
Performing support counting. [0.00516295 sec]
Printing frequent itemsets.
candidate_list_length - 3, candidate_list_width - 12, numOfTransactions - 250000
Performing Level 12. [0.00674391 sec]
- the # of frequent itemsets - 2
Generating candidate itemsets. [9.53674e-07 sec]
Performing support counting. [2.14577e-06 sec]
Printing frequent itemsets.
candidate_list_length - 0, candidate_list_width - 13, numOfTransactions - 250000
Performing Level 13. [0.00145888 sec]
- the # of frequent itemsets - 0
Presenting the information of runtime
- dataset: ./datasets/ibm/D250K-T55-I1K.dat, minsup: 0.002
- vertical list length: 4096
- the # of streams: 1
- the maximum GPU blocks: 20000000
- the maximum GPU threads per block: 64
- the # of GPUs: 1
Presenting the elapsed time for each steps
Building vertical database. [10.4101 sec]
Building mining framework. [4.58214 sec]
Generating pre-computation. [0 sec]
Performing mining operations. [11.5286 sec]
- Generating candidate itemsets. [1.11111 sec]
- Performing support counting. [10.4175 sec]


Repetition: 2 / 2
GMiner frequent itemset mining implementation
by Kang-Wook Chon, 2016
http://infolab.dgist.ac.kr/~kwjeon/
input - ./datasets/ibm/D250K-T55-I1K.dat, output - ./results/gminer/D250K-T55-I1K.dat, minsup - 0.002, verticalListLength - 4096
numOfGPUs - 1, numOfStreams - 1, isMat - 0, sizeofFragments - 3, isWirteOutput - 1
Reading file into main memory. [1.60186 sec]
Finding frequent 1-itemsets. [0.133025 sec]
Transforming vertical format with bit vectors from horizontal format. [0.048142 sec]
Building the buffers of TB and SA with respect to the TFL strategy. [2.65158 sec]
Allocating the buffers with respect to candidate itemsets. [1.91166 sec]
Allocating the buffers on GPU device memory. [0.00170302 sec]
Generating candidate itemsets. [0.00209212 sec]
Performing support counting. [0.0365281 sec]
Printing frequent itemsets.
candidate_list_length - 446040, candidate_list_width - 2, numOfTransactions - 250000
Performing Level 2. [0.445568 sec]
- the # of frequent itemsets - 190145
Generating candidate itemsets. [0.1573 sec]
Performing support counting. [2.44194 sec]
Printing frequent itemsets.
candidate_list_length - 28736357, candidate_list_width - 3, numOfTransactions - 250000
Performing Level 3. [6.58237 sec]
- the # of frequent itemsets - 1553844
Generating candidate itemsets. [0.291994 sec]
Performing support counting. [2.5981 sec]
Printing frequent itemsets.
candidate_list_length - 30136670, candidate_list_width - 4, numOfTransactions - 250000
Performing Level 4. [3.89571 sec]
- the # of frequent itemsets - 252756
Generating candidate itemsets. [0.088438 sec]
Performing support counting. [0.041189 sec]
Printing frequent itemsets.
candidate_list_length - 433396, candidate_list_width - 5, numOfTransactions - 250000
Performing Level 5. [0.186979 sec]
- the # of frequent itemsets - 14566
Generating candidate itemsets. [0.00254416 sec]
Performing support counting. [0.00663209 sec]
Printing frequent itemsets.
candidate_list_length - 15643, candidate_list_width - 6, numOfTransactions - 250000
Performing Level 6. [0.0376289 sec]
- the # of frequent itemsets - 7570
Generating candidate itemsets. [0.000210047 sec]
Performing support counting. [0.00587606 sec]
Printing frequent itemsets.
candidate_list_length - 6352, candidate_list_width - 7, numOfTransactions - 250000
Performing Level 7. [0.017283 sec]
- the # of frequent itemsets - 3872
Generating candidate itemsets. [8.2016e-05 sec]
Performing support counting. [0.00548005 sec]
Printing frequent itemsets.
candidate_list_length - 2592, candidate_list_width - 8, numOfTransactions - 250000
Performing Level 8. [0.014008 sec]
- the # of frequent itemsets - 1676
Generating candidate itemsets. [5.81741e-05 sec]
Performing support counting. [0.00532293 sec]
Printing frequent itemsets.
candidate_list_length - 859, candidate_list_width - 9, numOfTransactions - 250000
Performing Level 9. [0.00860596 sec]
- the # of frequent itemsets - 592
Generating candidate itemsets. [2.09808e-05 sec]
Performing support counting. [0.00526094 sec]
Printing frequent itemsets.
candidate_list_length - 208, candidate_list_width - 10, numOfTransactions - 250000
Performing Level 10. [0.00737596 sec]
- the # of frequent itemsets - 157
Generating candidate itemsets. [6.91414e-06 sec]
Performing support counting. [0.00529695 sec]
Printing frequent itemsets.
candidate_list_length - 36, candidate_list_width - 11, numOfTransactions - 250000
Performing Level 11. [0.00733685 sec]
- the # of frequent itemsets - 26
Generating candidate itemsets. [5.00679e-06 sec]
Performing support counting. [0.00530195 sec]
Printing frequent itemsets.
candidate_list_length - 3, candidate_list_width - 12, numOfTransactions - 250000
Performing Level 12. [0.00714397 sec]
- the # of frequent itemsets - 2
Generating candidate itemsets. [1.19209e-06 sec]
Performing support counting. [3.09944e-06 sec]
Printing frequent itemsets.
candidate_list_length - 0, candidate_list_width - 13, numOfTransactions - 250000
Performing Level 13. [0.00156903 sec]
- the # of frequent itemsets - 0
Presenting the information of runtime
- dataset: ./datasets/ibm/D250K-T55-I1K.dat, minsup: 0.002
- vertical list length: 4096
- the # of streams: 1
- the maximum GPU blocks: 20000000
- the maximum GPU threads per block: 64
- the # of GPUs: 1
Presenting the elapsed time for each steps
Building vertical database. [1.77545 sec]
Building mining framework. [4.65107 sec]
Generating pre-computation. [0 sec]
Performing mining operations. [11.212 sec]
- Generating candidate itemsets. [1.11243 sec]
- Performing support counting. [10.0995 sec]


Generated Pattern File:

