Dataset: D500K-T40-I1K
Repetitions: 2
Minimum Support: 0.002




Repetition: 1 / 2
GMiner frequent itemset mining implementation
by Kang-Wook Chon, 2016
http://infolab.dgist.ac.kr/~kwjeon/
input - ./datasets/ibm/D500K-T40-I1K.dat, output - ./results/gminer/D500K-T40-I1K.dat, minsup - 0.002, verticalListLength - 4096
numOfGPUs - 1, numOfStreams - 1, isMat - 0, sizeofFragments - 3, isWirteOutput - 1
Reading file into main memory. [2.99435 sec]
Finding frequent 1-itemsets. [0.210128 sec]
Transforming vertical format with bit vectors from horizontal format. [0.061379 sec]
Building the buffers of TB and SA with respect to the TFL strategy. [3.03315 sec]
Allocating the buffers with respect to candidate itemsets. [1.89945 sec]
Allocating the buffers on GPU device memory. [0.00206208 sec]
Generating candidate itemsets. [0.00214601 sec]
Performing support counting. [0.061044 sec]
Printing frequent itemsets.
candidate_list_length - 434778, candidate_list_width - 2, numOfTransactions - 500000
Performing Level 2. [0.395157 sec]
- the # of frequent itemsets - 118137
Generating candidate itemsets. [0.096597 sec]
Performing support counting. [1.56165 sec]
Printing frequent itemsets.
candidate_list_length - 12530053, candidate_list_width - 3, numOfTransactions - 500000
Performing Level 3. [2.16518 sec]
- the # of frequent itemsets - 155299
Generating candidate itemsets. [0.0407262 sec]
Performing support counting. [0.139243 sec]
Printing frequent itemsets.
candidate_list_length - 990284, candidate_list_width - 4, numOfTransactions - 500000
Performing Level 4. [0.222998 sec]
- the # of frequent itemsets - 10380
Generating candidate itemsets. [0.00324917 sec]
Performing support counting. [0.0102029 sec]
Printing frequent itemsets.
candidate_list_length - 6947, candidate_list_width - 5, numOfTransactions - 500000
Performing Level 5. [0.030761 sec]
- the # of frequent itemsets - 6587
Generating candidate itemsets. [0.000105858 sec]
Performing support counting. [0.00977206 sec]
Printing frequent itemsets.
candidate_list_length - 4155, candidate_list_width - 6, numOfTransactions - 500000
Performing Level 6. [0.021286 sec]
- the # of frequent itemsets - 4047
Generating candidate itemsets. [7.29561e-05 sec]
Performing support counting. [0.00960088 sec]
Printing frequent itemsets.
candidate_list_length - 2341, candidate_list_width - 7, numOfTransactions - 500000
Performing Level 7. [0.0168462 sec]
- the # of frequent itemsets - 2297
Generating candidate itemsets. [3.60012e-05 sec]
Performing support counting. [0.00933099 sec]
Printing frequent itemsets.
candidate_list_length - 1175, candidate_list_width - 8, numOfTransactions - 500000
Performing Level 8. [0.0137708 sec]
- the # of frequent itemsets - 1175
Generating candidate itemsets. [1.90735e-05 sec]
Performing support counting. [0.00933003 sec]
Printing frequent itemsets.
candidate_list_length - 473, candidate_list_width - 9, numOfTransactions - 500000
Performing Level 9. [0.0122089 sec]
- the # of frequent itemsets - 473
Generating candidate itemsets. [1.09673e-05 sec]
Performing support counting. [0.00922298 sec]
Printing frequent itemsets.
candidate_list_length - 135, candidate_list_width - 10, numOfTransactions - 500000
Performing Level 10. [0.011086 sec]
- the # of frequent itemsets - 135
Generating candidate itemsets. [4.05312e-06 sec]
Performing support counting. [0.00921702 sec]
Printing frequent itemsets.
candidate_list_length - 24, candidate_list_width - 11, numOfTransactions - 500000
Performing Level 11. [0.010726 sec]
- the # of frequent itemsets - 24
Generating candidate itemsets. [2.86102e-06 sec]
Performing support counting. [0.00919604 sec]
Printing frequent itemsets.
candidate_list_length - 2, candidate_list_width - 12, numOfTransactions - 500000
Performing Level 12. [0.0108099 sec]
- the # of frequent itemsets - 1
Generating candidate itemsets. [9.53674e-07 sec]
Performing support counting. [1.90735e-06 sec]
Printing frequent itemsets.
candidate_list_length - 0, candidate_list_width - 13, numOfTransactions - 500000
Performing Level 13. [0.00143909 sec]
- the # of frequent itemsets - 0
Presenting the information of runtime
- dataset: ./datasets/ibm/D500K-T40-I1K.dat, minsup: 0.002
- vertical list length: 4096
- the # of streams: 1
- the maximum GPU blocks: 20000000
- the maximum GPU threads per block: 64
- the # of GPUs: 1
Presenting the elapsed time for each steps
Building vertical database. [3.24928 sec]
Building mining framework. [5.04103 sec]
Generating pre-computation. [0 sec]
Performing mining operations. [2.91255 sec]
- Generating candidate itemsets. [0.288115 sec]
- Performing support counting. [2.62443 sec]


Repetition: 2 / 2
GMiner frequent itemset mining implementation
by Kang-Wook Chon, 2016
http://infolab.dgist.ac.kr/~kwjeon/
input - ./datasets/ibm/D500K-T40-I1K.dat, output - ./results/gminer/D500K-T40-I1K.dat, minsup - 0.002, verticalListLength - 4096
numOfGPUs - 1, numOfStreams - 1, isMat - 0, sizeofFragments - 3, isWirteOutput - 1
Reading file into main memory. [2.52736 sec]
Finding frequent 1-itemsets. [0.210104 sec]
Transforming vertical format with bit vectors from horizontal format. [0.0669661 sec]
Building the buffers of TB and SA with respect to the TFL strategy. [3.04155 sec]
Allocating the buffers with respect to candidate itemsets. [1.90899 sec]
Allocating the buffers on GPU device memory. [0.00165296 sec]
Generating candidate itemsets. [0.00206399 sec]
Performing support counting. [0.0580299 sec]
Printing frequent itemsets.
candidate_list_length - 434778, candidate_list_width - 2, numOfTransactions - 500000
Performing Level 2. [0.315038 sec]
- the # of frequent itemsets - 118137
Generating candidate itemsets. [0.074754 sec]
Performing support counting. [1.54629 sec]
Printing frequent itemsets.
candidate_list_length - 12530053, candidate_list_width - 3, numOfTransactions - 500000
Performing Level 3. [2.11049 sec]
- the # of frequent itemsets - 155299
Generating candidate itemsets. [0.0410161 sec]
Performing support counting. [0.139648 sec]
Printing frequent itemsets.
candidate_list_length - 990284, candidate_list_width - 4, numOfTransactions - 500000
Performing Level 4. [0.223909 sec]
- the # of frequent itemsets - 10380
Generating candidate itemsets. [0.0032618 sec]
Performing support counting. [0.00749207 sec]
Printing frequent itemsets.
candidate_list_length - 6947, candidate_list_width - 5, numOfTransactions - 500000
Performing Level 5. [0.028127 sec]
- the # of frequent itemsets - 6587
Generating candidate itemsets. [0.00011301 sec]
Performing support counting. [0.00708818 sec]
Printing frequent itemsets.
candidate_list_length - 4155, candidate_list_width - 6, numOfTransactions - 500000
Performing Level 6. [0.0180671 sec]
- the # of frequent itemsets - 4047
Generating candidate itemsets. [5.60284e-05 sec]
Performing support counting. [0.00680113 sec]
Printing frequent itemsets.
candidate_list_length - 2341, candidate_list_width - 7, numOfTransactions - 500000
Performing Level 7. [0.0143001 sec]
- the # of frequent itemsets - 2297
Generating candidate itemsets. [4.60148e-05 sec]
Performing support counting. [0.00660682 sec]
Printing frequent itemsets.
candidate_list_length - 1175, candidate_list_width - 8, numOfTransactions - 500000
Performing Level 8. [0.011229 sec]
- the # of frequent itemsets - 1175
Generating candidate itemsets. [2.00272e-05 sec]
Performing support counting. [0.00662303 sec]
Printing frequent itemsets.
candidate_list_length - 473, candidate_list_width - 9, numOfTransactions - 500000
Performing Level 9. [0.00953293 sec]
- the # of frequent itemsets - 473
Generating candidate itemsets. [1.38283e-05 sec]
Performing support counting. [0.00652313 sec]
Printing frequent itemsets.
candidate_list_length - 135, candidate_list_width - 10, numOfTransactions - 500000
Performing Level 10. [0.00854421 sec]
- the # of frequent itemsets - 135
Generating candidate itemsets. [5.00679e-06 sec]
Performing support counting. [0.0065248 sec]
Printing frequent itemsets.
candidate_list_length - 24, candidate_list_width - 11, numOfTransactions - 500000
Performing Level 11. [0.00824785 sec]
- the # of frequent itemsets - 24
Generating candidate itemsets. [2.86102e-06 sec]
Performing support counting. [0.00650001 sec]
Printing frequent itemsets.
candidate_list_length - 2, candidate_list_width - 12, numOfTransactions - 500000
Performing Level 12. [0.00823092 sec]
- the # of frequent itemsets - 1
Generating candidate itemsets. [0 sec]
Performing support counting. [2.14577e-06 sec]
Printing frequent itemsets.
candidate_list_length - 0, candidate_list_width - 13, numOfTransactions - 500000
Performing Level 13. [0.00142097 sec]
- the # of frequent itemsets - 0
Presenting the information of runtime
- dataset: ./datasets/ibm/D500K-T40-I1K.dat, minsup: 0.002
- vertical list length: 4096
- the # of streams: 1
- the maximum GPU blocks: 20000000
- the maximum GPU threads per block: 64
- the # of GPUs: 1
Presenting the elapsed time for each steps
Building vertical database. [2.78003 sec]
Building mining framework. [5.06191 sec]
Generating pre-computation. [0 sec]
Performing mining operations. [2.75741 sec]
- Generating candidate itemsets. [0.252428 sec]
- Performing support counting. [2.50498 sec]


Generated Pattern File:

